[ 11:18:53.8439PM | [1mINFO    [0m] [1m========================================[0m
[ 11:18:53.8443PM | [1mINFO    [0m] [1mStarting EXO | pid=36260[0m
[ 11:18:53.8444PM | [1mINFO    [0m] [1m========================================[0m
[ 11:18:53.8445PM | [1mINFO    [0m] [1mEXO_LIBP2P_NAMESPACE: None[0m
[ 11:18:53.8495PM | [1mINFO    [0m] [1mStarting node 12D3KooWFFezP2o1ZQHYwzdUJfcCwxs1h37sv5CQPRBrTBxV9oo7[0m
[ 11:18:53.8895PM | [1mINFO    [0m] [1mStarting Election[0m
[ 11:18:53.8897PM | [1mINFO    [0m] [1mStarting DownloadCoordinator[0m
[ 11:18:53.8898PM | [1mINFO    [0m] [1mStarting Worker[0m
[ 11:18:53.8900PM | [1mINFO    [0m] [1mStarting Master[0m

╔═══════════════════════════════════════════════════════════════════════╗
║                                                                       ║
║   ███████╗██╗  ██╗ ██████╗                                            ║
║   ██╔════╝╚██╗██╔╝██╔═══██╗                                           ║
║   █████╗   ╚███╔╝ ██║   ██║                                           ║
║   ██╔══╝   ██╔██╗ ██║   ██║                                           ║
║   ███████╗██╔╝ ██╗╚██████╔╝                                           ║
║   ╚══════╝╚═╝  ╚═╝ ╚═════╝                                            ║
║                                                                       ║
║   Distributed AI Inference Cluster                                    ║
║                                                                       ║
╚═══════════════════════════════════════════════════════════════════════╝

╔═══════════════════════════════════════════════════════════════════════╗
║                                                                       ║
║  🌐 Dashboard & API Ready                                             ║
║                                                                       ║
║  http://localhost:52415                                               ║
║                                                                       ║
║  Click the URL above to open the dashboard in your browser            ║
║                                                                       ║
╚═══════════════════════════════════════════════════════════════════════╝


[ 11:18:53.8900PM | [1mINFO    [0m] [1mStarting API[0m
[ 11:18:53.8925PM | [33m[1mWARNING [0m] [33m[1mmacmon not found, falling back to psutil for memory monitoring[0m
[ 11:18:53.9239PM | [1mINFO    [0m] [1mSubscribed to global_events[0m
[ 11:18:53.9244PM | [1mINFO    [0m] [1mSubscribed to local_events[0m
[ 11:18:53.9247PM | [1mINFO    [0m] [1mSubscribed to commands[0m
[ 11:18:53.9249PM | [1mINFO    [0m] [1mSubscribed to election_messages[0m
[ 11:18:53.9251PM | [1mINFO    [0m] [1mSubscribed to connection_messages[0m
[ 11:18:53.9253PM | [1mINFO    [0m] [1mSubscribed to download_commands[0m
[ 11:18:53.9267PM | [1mINFO    [0m] [1mNode elected Master[0m
[ 11:18:53.9268PM | [1mINFO    [0m] [1mUnpausing API[0m
[ 11:18:53.9276PM | [1mINFO    [0m] [1mRunning on http://0.0.0.0:52415 (CTRL + C to quit)[0m
[ 11:18:53.9277PM | [1mINFO    [0m] [1mRunning on http://0.0.0.0:52415 (CTRL + C to quit)[0m
[ 11:18:53.9499PM | [33m[1mWARNING [0m] [33m[1mInvalid config file, skipping...[0m
[ 11:18:57.6812PM | [1mINFO    [0m] [1mWaiting for other campaign to finish[0m
[ 11:18:57.7286PM | [1mINFO    [0m] [1mCancelling other campaign[0m
[ 11:18:57.7289PM | [1mINFO    [0m] [1mWaiting for other campaign to finish[0m
[ 11:19:00.7301PM | [1mINFO    [0m] [1mNode 12D3KooWPixtTNny2TNir3T98Z9jiaYvtbtRkVL8BEs4S8LqdBe3 elected master - demoting self[0m
[ 11:19:00.7303PM | [1mINFO    [0m] [1mStopping Master[0m
[ 11:19:00.7338PM | [1mINFO    [0m] [1mRotated event log: /Users/xiewancheng/.exo/event_log/master/events.bin -> /Users/xiewancheng/.exo/event_log/master/events.2026-04-05_15-19-00_732327.bin.zst[0m
[ 11:19:00.7350PM | [1mINFO    [0m] [1mStarting DownloadCoordinator[0m
[ 11:19:00.7383PM | [1mINFO    [0m] [1mStopping Worker[0m
[ 11:19:00.7385PM | [1mINFO    [0m] [1mResetting API State[0m
[ 11:19:00.7502PM | [1mINFO    [0m] [1mRotated event log: /Users/xiewancheng/.exo/event_log/api/events.bin -> /Users/xiewancheng/.exo/event_log/api/events.2026-04-05_15-19-00_747458.bin.zst[0m
[ 11:19:00.7512PM | [1mINFO    [0m] [1mUnpausing API[0m
[ 11:19:00.7513PM | [1mINFO    [0m] [1mStarting Worker[0m
[ 11:19:00.7529PM | [33m[1mWARNING [0m] [33m[1mmacmon not found, falling back to psutil for memory monitoring[0m
[ 11:19:00.8188PM | [33m[1mWARNING [0m] [33m[1mInvalid config file, skipping...[0m
[ 11:19:01.3494PM | [1mINFO    [0m] [1mNack attempt 1: Requesting Event Log from 0[0m
[ 02:56:04.3239PM | [33m[1mWARNING [0m] [33m[1mconnect error RemoteProtocolError from fe80::1%lo0 after 3 attempts; treating as down[0m
[ 03:04:53.0271PM | [1mINFO    [0m] [1mWaiting for other campaign to finish[0m
[ 03:04:56.0316PM | [1mINFO    [Master - promoting self[0m
[ 03:04:56.0369PM | [1mINFO    [0m] [1mStarting Master[0m
[ 03:04:56.0406PM | [1mINFO    [0m] [1mStarting DownloadCoordinator[0m0m] [1mNode elected 
[ 03:04:56.0539PM | [1mINFO    [0m] [1mStopping Worker[0m
[ 03:04:56.0562PM | [1mINFO    [0m] [1mResetting API State[0m
[ 03:04:56.6668PM | [1mINFO    [0m] [1mRotated event log: /Users/xiewancheng/.exo/event_log/api/events.bin -> /Users/xiewancheng/.exo/event_log/api/events.2026-04-06_07-04-56_058484.bin.zst[0m
[ 03:04:56.6680PM | [1mINFO    [0m] [1mUnpausing API[0m
[ 03:04:56.6682PM | [1mINFO    [0m] [1mStarting Worker[0m
[ 03:04:56.6736PM | [33m[1mWARNING [0m] [33m[1mmacmon not found, falling back to psutil for memory monitoring[0m
[ 03:04:56.7311PM | [33m[1mWARNING [0m] [33m[1mInvalid config file, skipping...[0m
